<?xml version="1.0" encoding="UTF-8"?>
<!-- Generated by org.testng.reporters.JUnitXMLReporter -->
<testsuite ignored="0" hostname="DESKTOP-HKOU7GK" failures="0" tests="80" name="API Tests" time="126.893" errors="0" timestamp="2026-05-12T12:28:51 IST">
  <testcase classname="API.Crawl_Status_Excel" name="getStatus" time="2.47"/>
  <testcase classname="API.Crawl_Status_Excel" name="getStatus" time="1.146"/>
  <testcase classname="API.Crawl_Status_Excel" name="getStatus" time="1.192"/>
  <testcase classname="API.Crawl_Status_Excel" name="getStatus" time="1.236"/>
  <testcase classname="API.Crawl_Status_Excel" name="getStatus" time="1.317"/>
  <testcase classname="API.Crawl_Status_Excel" name="getStatus" time="1.223"/>
  <testcase classname="API.Crawl_Status_Excel" name="getStatus" time="1.186"/>
  <testcase classname="API.Crawl_Status_Excel" name="getStatus" time="1.193"/>
  <testcase classname="API.Crawl_Status_Excel" name="getStatus" time="1.324"/>
  <testcase classname="API.Crawl_Status_Excel" name="getStatus" time="1.631"/>
  <testcase classname="API.Crawl_Status_Excel" name="getStatus" time="1.352"/>
  <testcase classname="API.Crawl_Status_Excel" name="getStatus" time="1.243"/>
  <testcase classname="API.Crawl_Status_Excel" name="getStatus" time="1.422"/>
  <testcase classname="API.Crawl_Status_Excel" name="getStatus" time="1.536"/>
  <testcase classname="API.Crawl_Status_Excel" name="getStatus" time="1.218"/>
  <testcase classname="API.Crawl_Status_Excel" name="getStatus" time="1.204"/>
  <testcase classname="API.Crawl_Status_Excel" name="getStatus" time="1.175"/>
  <testcase classname="API.Crawl_Status_Excel" name="getStatus" time="1.242"/>
  <testcase classname="API.Crawl_Status_Excel" name="getStatus" time="1.254"/>
  <testcase classname="API.Crawl_Status_Excel" name="getStatus" time="10.107"/>
  <testcase classname="API.Crawl_Status_Excel" name="getStatus" time="1.12"/>
  <testcase classname="API.Crawl_Status_Excel" name="getStatus" time="1.094"/>
  <testcase classname="API.Crawl_Status_Excel" name="getStatus" time="1.157"/>
  <testcase classname="API.Crawl_Status_Excel" name="getStatus" time="1.079"/>
  <testcase classname="API.Crawl_Status_Excel" name="getStatus" time="1.159"/>
  <testcase classname="API.Crawl_Status_Excel" name="getStatus" time="1.271"/>
  <testcase classname="API.Crawl_Status_Excel" name="getStatus" time="1.102"/>
  <testcase classname="API.Crawl_Status_Excel" name="getStatus" time="1.196"/>
  <testcase classname="API.Crawl_Status_Excel" name="getStatus" time="1.092"/>
  <testcase classname="API.Crawl_Status_Excel" name="getStatus" time="1.078"/>
  <testcase classname="API.Crawl_Status_Excel" name="getStatus" time="1.071"/>
  <testcase classname="API.Crawl_Status_Excel" name="getStatus" time="1.065"/>
  <testcase classname="API.Crawl_Status_Excel" name="getStatus" time="1.012"/>
  <testcase classname="API.Crawl_Status_Excel" name="getStatus" time="1.049"/>
  <testcase classname="API.Crawl_Status_Excel" name="getStatus" time="1.035"/>
  <testcase classname="API.Crawl_Status_Excel" name="getStatus" time="1.015"/>
  <testcase classname="API.Crawl_Status_Excel" name="getStatus" time="1.088"/>
  <testcase classname="API.Crawl_Status_Excel" name="getStatus" time="1.027"/>
  <testcase classname="API.Crawl_Status_Excel" name="getStatus" time="1.032"/>
  <testcase classname="API.Crawl_Status_Excel" name="getStatus" time="10.035"/>
  <testcase classname="API.Crawl_Status_Excel" name="getStatus" time="1.257"/>
  <testcase classname="API.Crawl_Status_Excel" name="getStatus" time="1.101"/>
  <testcase classname="API.Crawl_Status_Excel" name="getStatus" time="1.039"/>
  <testcase classname="API.Crawl_Status_Excel" name="getStatus" time="1.099"/>
  <testcase classname="API.Crawl_Status_Excel" name="getStatus" time="1.021"/>
  <testcase classname="API.Crawl_Status_Excel" name="getStatus" time="1.026"/>
  <testcase classname="API.Crawl_Status_Excel" name="getStatus" time="1.0"/>
  <testcase classname="API.Crawl_Status_Excel" name="getStatus" time="1.001"/>
  <testcase classname="API.Crawl_Status_Excel" name="getStatus" time="1.021"/>
  <testcase classname="API.Crawl_Status_Excel" name="getStatus" time="1.0"/>
  <testcase classname="API.Crawl_Status_Excel" name="getStatus" time="1.046"/>
  <testcase classname="API.Crawl_Status_Excel" name="getStatus" time="1.057"/>
  <testcase classname="API.Crawl_Status_Excel" name="getStatus" time="1.117"/>
  <testcase classname="API.Crawl_Status_Excel" name="getStatus" time="1.113"/>
  <testcase classname="API.Crawl_Status_Excel" name="getStatus" time="1.089"/>
  <testcase classname="API.Crawl_Status_Excel" name="getStatus" time="1.077"/>
  <testcase classname="API.Crawl_Status_Excel" name="getStatus" time="1.074"/>
  <testcase classname="API.Crawl_Status_Excel" name="getStatus" time="1.046"/>
  <testcase classname="API.Crawl_Status_Excel" name="getStatus" time="0.997"/>
  <testcase classname="API.Crawl_Status_Excel" name="getStatus" time="10.087"/>
  <testcase classname="API.Crawl_Status_Excel" name="getStatus" time="1.019"/>
  <testcase classname="API.Crawl_Status_Excel" name="getStatus" time="0.987"/>
  <testcase classname="API.Crawl_Status_Excel" name="getStatus" time="1.014"/>
  <testcase classname="API.Crawl_Status_Excel" name="getStatus" time="1.016"/>
  <testcase classname="API.Crawl_Status_Excel" name="getStatus" time="1.03"/>
  <testcase classname="API.Crawl_Status_Excel" name="getStatus" time="0.989"/>
  <testcase classname="API.Crawl_Status_Excel" name="getStatus" time="1.025"/>
  <testcase classname="API.Crawl_Status_Excel" name="getStatus" time="1.02"/>
  <testcase classname="API.Crawl_Status_Excel" name="getStatus" time="1.047"/>
  <testcase classname="API.Crawl_Status_Excel" name="getStatus" time="0.997"/>
  <testcase classname="API.Crawl_Status_Excel" name="getStatus" time="1.027"/>
  <testcase classname="API.Crawl_Status_Excel" name="getStatus" time="0.984"/>
  <testcase classname="API.Crawl_Status_Excel" name="getStatus" time="1.023"/>
  <testcase classname="API.Crawl_Status_Excel" name="getStatus" time="1.035"/>
  <testcase classname="API.Crawl_Status_Excel" name="getStatus" time="1.039"/>
  <testcase classname="API.Crawl_Status_Excel" name="getStatus" time="0.99"/>
  <testcase classname="API.Crawl_Status_Excel" name="getStatus" time="1.055"/>
  <testcase classname="API.Crawl_Status_Excel" name="getStatus" time="1.026"/>
  <testcase classname="API.Crawl_Status_Excel" name="getStatus" time="1.018"/>
  <testcase classname="API.Crawl_Status_Excel" name="getStatus" time="10.043"/>
</testsuite> <!-- API Tests -->
