<?xml version="1.0" encoding="UTF-8"?>
<!-- Generated by org.testng.reporters.JUnitXMLReporter -->
<testsuite ignored="0" hostname="DESKTOP-HKOU7GK" failures="3" tests="22" name="API Tests" time="28.341" errors="0" timestamp="2026-04-20T15:56:22 IST">
  <testcase classname="API.Crawl_Status_Excel" name="getStatus" time="3.395"/>
  <testcase classname="API.Crawl_Status_Excel" name="getStatus" time="1.159"/>
  <testcase classname="API.Crawl_Status_Excel" name="getStatus" time="1.109"/>
  <testcase classname="API.Crawl_Status_Excel" name="getStatus" time="1.244"/>
  <testcase classname="API.Crawl_Status_Excel" name="getStatus" time="1.102"/>
  <testcase classname="API.Crawl_Status_Excel" name="getStatus" time="1.321">
    <failure type="java.lang.AssertionError" message="Status code mismatch! expected [200] but found [404]">
      <![CDATA[java.lang.AssertionError: Status code mismatch! expected [200] but found [404]
at API.Crawl_Status_Excel.getStatus(Crawl_Status_Excel.java:88)
at java.base/java.util.ArrayList.forEach(ArrayList.java:1596)
... Removed 31 stack frames]]>
    </failure>
  </testcase> <!-- getStatus -->
  <testcase classname="API.Crawl_Status_Excel" name="getStatus" time="1.241"/>
  <testcase classname="API.Crawl_Status_Excel" name="getStatus" time="1.066"/>
  <testcase classname="API.Crawl_Status_Excel" name="getStatus" time="1.292"/>
  <testcase classname="API.Crawl_Status_Excel" name="getStatus" time="1.071"/>
  <testcase classname="API.Crawl_Status_Excel" name="getStatus" time="1.465"/>
  <testcase classname="API.Crawl_Status_Excel" name="getStatus" time="1.089"/>
  <testcase classname="API.Crawl_Status_Excel" name="getStatus" time="1.037"/>
  <testcase classname="API.Crawl_Status_Excel" name="getStatus" time="1.199"/>
  <testcase classname="API.Crawl_Status_Excel" name="getStatus" time="1.091"/>
  <testcase classname="API.Crawl_Status_Excel" name="getStatus" time="1.044"/>
  <testcase classname="API.Crawl_Status_Excel" name="getStatus" time="1.074"/>
  <testcase classname="API.Crawl_Status_Excel" name="getStatus" time="1.056"/>
  <testcase classname="API.Crawl_Status_Excel" name="getStatus" time="1.081"/>
  <testcase classname="API.Crawl_Status_Excel" name="getStatus" time="1.052"/>
  <testcase classname="API.Crawl_Status_Excel" name="getStatus" time="1.019">
    <failure type="java.lang.AssertionError" message="Status code mismatch! expected [200] but found [404]">
      <![CDATA[java.lang.AssertionError: Status code mismatch! expected [200] but found [404]
at API.Crawl_Status_Excel.getStatus(Crawl_Status_Excel.java:88)
at java.base/java.util.ArrayList.forEach(ArrayList.java:1596)
... Removed 31 stack frames]]>
    </failure>
  </testcase> <!-- getStatus -->
  <testcase classname="API.Crawl_Status_Excel" name="getStatus" time="0.992">
    <failure type="java.lang.AssertionError" message="Status code mismatch! expected [200] but found [404]">
      <![CDATA[java.lang.AssertionError: Status code mismatch! expected [200] but found [404]
at API.Crawl_Status_Excel.getStatus(Crawl_Status_Excel.java:88)
at java.base/java.util.ArrayList.forEach(ArrayList.java:1596)
... Removed 31 stack frames]]>
    </failure>
  </testcase> <!-- getStatus -->
</testsuite> <!-- API Tests -->
