<?xml version="1.0" encoding="UTF-8"?>
<testng-results ignored="0" total="22" passed="19" failed="3" skipped="0">
  <reporter-output>
  </reporter-output>
  <suite started-at="2026-04-20T15:55:53 IST" name="Test Suite" finished-at="2026-04-20T15:56:21 IST" duration-ms="28341">
    <groups>
    </groups>
    <test started-at="2026-04-20T15:55:53 IST" name="API Tests" finished-at="2026-04-20T15:56:21 IST" duration-ms="28341">
      <class name="API.Crawl_Status_Excel">
        <test-method is-config="true" signature="setupExcel()[pri:0, instance:API.Crawl_Status_Excel@3b6d844d]" started-at="2026-04-20T15:55:53 IST" name="setupExcel" finished-at="2026-04-20T15:55:54 IST" duration-ms="449" status="PASS">
          <reporter-output>
          </reporter-output>
        </test-method> <!-- setupExcel -->
        <test-method signature="getStatus([Ljava.lang.Object;)[pri:0, instance:API.Crawl_Status_Excel@3b6d844d]" started-at="2026-04-20T15:55:54 IST" name="getStatus" data-provider="excelData" finished-at="2026-04-20T15:55:57 IST" duration-ms="3395" status="PASS">
          <params>
            <param index="0">
              <value>
                <![CDATA[[Ljava.lang.Object;@674ed201]]>
              </value>
            </param>
          </params>
          <reporter-output>
          </reporter-output>
        </test-method> <!-- getStatus -->
        <test-method signature="getStatus([Ljava.lang.Object;)[pri:0, instance:API.Crawl_Status_Excel@3b6d844d]" started-at="2026-04-20T15:55:57 IST" name="getStatus" data-provider="excelData" finished-at="2026-04-20T15:55:58 IST" duration-ms="1159" status="PASS">
          <params>
            <param index="0">
              <value>
                <![CDATA[[Ljava.lang.Object;@311a09b2]]>
              </value>
            </param>
          </params>
          <reporter-output>
          </reporter-output>
        </test-method> <!-- getStatus -->
        <test-method signature="getStatus([Ljava.lang.Object;)[pri:0, instance:API.Crawl_Status_Excel@3b6d844d]" started-at="2026-04-20T15:55:58 IST" name="getStatus" data-provider="excelData" finished-at="2026-04-20T15:55:59 IST" duration-ms="1109" status="PASS">
          <params>
            <param index="0">
              <value>
                <![CDATA[[Ljava.lang.Object;@18887028]]>
              </value>
            </param>
          </params>
          <reporter-output>
          </reporter-output>
        </test-method> <!-- getStatus -->
        <test-method signature="getStatus([Ljava.lang.Object;)[pri:0, instance:API.Crawl_Status_Excel@3b6d844d]" started-at="2026-04-20T15:55:59 IST" name="getStatus" data-provider="excelData" finished-at="2026-04-20T15:56:01 IST" duration-ms="1244" status="PASS">
          <params>
            <param index="0">
              <value>
                <![CDATA[[Ljava.lang.Object;@5ffd35dd]]>
              </value>
            </param>
          </params>
          <reporter-output>
          </reporter-output>
        </test-method> <!-- getStatus -->
        <test-method signature="getStatus([Ljava.lang.Object;)[pri:0, instance:API.Crawl_Status_Excel@3b6d844d]" started-at="2026-04-20T15:56:01 IST" name="getStatus" data-provider="excelData" finished-at="2026-04-20T15:56:02 IST" duration-ms="1102" status="PASS">
          <params>
            <param index="0">
              <value>
                <![CDATA[[Ljava.lang.Object;@69ab2d6a]]>
              </value>
            </param>
          </params>
          <reporter-output>
          </reporter-output>
        </test-method> <!-- getStatus -->
        <test-method signature="getStatus([Ljava.lang.Object;)[pri:0, instance:API.Crawl_Status_Excel@3b6d844d]" started-at="2026-04-20T15:56:02 IST" name="getStatus" data-provider="excelData" finished-at="2026-04-20T15:56:03 IST" duration-ms="1321" status="FAIL">
          <params>
            <param index="0">
              <value>
                <![CDATA[[Ljava.lang.Object;@39c7fb0b]]>
              </value>
            </param>
          </params>
          <exception class="java.lang.AssertionError">
            <message>
              <![CDATA[Status code mismatch! expected [200] but found [404]]]>
            </message>
            <full-stacktrace>
              <![CDATA[java.lang.AssertionError: Status code mismatch! expected [200] but found [404]
at org.testng.Assert.fail(Assert.java:111)
at org.testng.Assert.failNotEquals(Assert.java:1590)
at org.testng.Assert.assertEqualsImpl(Assert.java:150)
at org.testng.Assert.assertEquals(Assert.java:132)
at org.testng.Assert.assertEquals(Assert.java:1431)
at org.testng.Assert.assertEquals(Assert.java:1395)
at API.Crawl_Status_Excel.getStatus(Crawl_Status_Excel.java:88)
at java.base/jdk.internal.reflect.DirectMethodHandleAccessor.invoke(DirectMethodHandleAccessor.java:103)
at java.base/java.lang.reflect.Method.invoke(Method.java:580)
at org.testng.internal.invokers.MethodInvocationHelper.invokeMethod(MethodInvocationHelper.java:141)
at org.testng.internal.invokers.TestInvoker.invokeMethod(TestInvoker.java:687)
at org.testng.internal.invokers.TestInvoker.invokeTestMethod(TestInvoker.java:230)
at org.testng.internal.invokers.MethodRunner.runInSequence(MethodRunner.java:63)
at org.testng.internal.invokers.TestInvoker$MethodInvocationAgent.invoke(TestInvoker.java:995)
at org.testng.internal.invokers.TestInvoker.invokeTestMethods(TestInvoker.java:203)
at org.testng.internal.invokers.TestMethodWorker.invokeTestMethods(TestMethodWorker.java:154)
at org.testng.internal.invokers.TestMethodWorker.run(TestMethodWorker.java:134)
at java.base/java.util.ArrayList.forEach(ArrayList.java:1596)
at org.testng.TestRunner.privateRun(TestRunner.java:741)
at org.testng.TestRunner.run(TestRunner.java:616)
at org.testng.SuiteRunner.runTest(SuiteRunner.java:421)
at org.testng.SuiteRunner.runSequentially(SuiteRunner.java:413)
at org.testng.SuiteRunner.privateRun(SuiteRunner.java:373)
at org.testng.SuiteRunner.run(SuiteRunner.java:312)
at org.testng.SuiteRunnerWorker.runSuite(SuiteRunnerWorker.java:52)
at org.testng.SuiteRunnerWorker.run(SuiteRunnerWorker.java:95)
at org.testng.TestNG.runSuitesSequentially(TestNG.java:1274)
at org.testng.TestNG.runSuitesLocally(TestNG.java:1208)
at org.testng.TestNG.runSuites(TestNG.java:1112)
at org.testng.TestNG.run(TestNG.java:1079)
at org.testng.remote.AbstractRemoteTestNG.run(AbstractRemoteTestNG.java:115)
at org.testng.remote.RemoteTestNG.initAndRun(RemoteTestNG.java:293)
at org.testng.remote.RemoteTestNG.main(RemoteTestNG.java:91)
]]>
            </full-stacktrace>
          </exception> <!-- java.lang.AssertionError -->
          <reporter-output>
          </reporter-output>
        </test-method> <!-- getStatus -->
        <test-method signature="getStatus([Ljava.lang.Object;)[pri:0, instance:API.Crawl_Status_Excel@3b6d844d]" started-at="2026-04-20T15:56:03 IST" name="getStatus" data-provider="excelData" finished-at="2026-04-20T15:56:04 IST" duration-ms="1241" status="PASS">
          <params>
            <param index="0">
              <value>
                <![CDATA[[Ljava.lang.Object;@6f80cf5]]>
              </value>
            </param>
          </params>
          <reporter-output>
          </reporter-output>
        </test-method> <!-- getStatus -->
        <test-method signature="getStatus([Ljava.lang.Object;)[pri:0, instance:API.Crawl_Status_Excel@3b6d844d]" started-at="2026-04-20T15:56:04 IST" name="getStatus" data-provider="excelData" finished-at="2026-04-20T15:56:05 IST" duration-ms="1066" status="PASS">
          <params>
            <param index="0">
              <value>
                <![CDATA[[Ljava.lang.Object;@62cf86d6]]>
              </value>
            </param>
          </params>
          <reporter-output>
          </reporter-output>
        </test-method> <!-- getStatus -->
        <test-method signature="getStatus([Ljava.lang.Object;)[pri:0, instance:API.Crawl_Status_Excel@3b6d844d]" started-at="2026-04-20T15:56:05 IST" name="getStatus" data-provider="excelData" finished-at="2026-04-20T15:56:07 IST" duration-ms="1292" status="PASS">
          <params>
            <param index="0">
              <value>
                <![CDATA[[Ljava.lang.Object;@28f8ce2e]]>
              </value>
            </param>
          </params>
          <reporter-output>
          </reporter-output>
        </test-method> <!-- getStatus -->
        <test-method signature="getStatus([Ljava.lang.Object;)[pri:0, instance:API.Crawl_Status_Excel@3b6d844d]" started-at="2026-04-20T15:56:07 IST" name="getStatus" data-provider="excelData" finished-at="2026-04-20T15:56:08 IST" duration-ms="1071" status="PASS">
          <params>
            <param index="0">
              <value>
                <![CDATA[[Ljava.lang.Object;@57920d6c]]>
              </value>
            </param>
          </params>
          <reporter-output>
          </reporter-output>
        </test-method> <!-- getStatus -->
        <test-method signature="getStatus([Ljava.lang.Object;)[pri:0, instance:API.Crawl_Status_Excel@3b6d844d]" started-at="2026-04-20T15:56:08 IST" name="getStatus" data-provider="excelData" finished-at="2026-04-20T15:56:09 IST" duration-ms="1465" status="PASS">
          <params>
            <param index="0">
              <value>
                <![CDATA[[Ljava.lang.Object;@57afe44b]]>
              </value>
            </param>
          </params>
          <reporter-output>
          </reporter-output>
        </test-method> <!-- getStatus -->
        <test-method signature="getStatus([Ljava.lang.Object;)[pri:0, instance:API.Crawl_Status_Excel@3b6d844d]" started-at="2026-04-20T15:56:09 IST" name="getStatus" data-provider="excelData" finished-at="2026-04-20T15:56:10 IST" duration-ms="1089" status="PASS">
          <params>
            <param index="0">
              <value>
                <![CDATA[[Ljava.lang.Object;@2a6c751f]]>
              </value>
            </param>
          </params>
          <reporter-output>
          </reporter-output>
        </test-method> <!-- getStatus -->
        <test-method signature="getStatus([Ljava.lang.Object;)[pri:0, instance:API.Crawl_Status_Excel@3b6d844d]" started-at="2026-04-20T15:56:10 IST" name="getStatus" data-provider="excelData" finished-at="2026-04-20T15:56:11 IST" duration-ms="1037" status="PASS">
          <params>
            <param index="0">
              <value>
                <![CDATA[[Ljava.lang.Object;@114b2414]]>
              </value>
            </param>
          </params>
          <reporter-output>
          </reporter-output>
        </test-method> <!-- getStatus -->
        <test-method signature="getStatus([Ljava.lang.Object;)[pri:0, instance:API.Crawl_Status_Excel@3b6d844d]" started-at="2026-04-20T15:56:11 IST" name="getStatus" data-provider="excelData" finished-at="2026-04-20T15:56:13 IST" duration-ms="1199" status="PASS">
          <params>
            <param index="0">
              <value>
                <![CDATA[[Ljava.lang.Object;@301d84f6]]>
              </value>
            </param>
          </params>
          <reporter-output>
          </reporter-output>
        </test-method> <!-- getStatus -->
        <test-method signature="getStatus([Ljava.lang.Object;)[pri:0, instance:API.Crawl_Status_Excel@3b6d844d]" started-at="2026-04-20T15:56:13 IST" name="getStatus" data-provider="excelData" finished-at="2026-04-20T15:56:14 IST" duration-ms="1091" status="PASS">
          <params>
            <param index="0">
              <value>
                <![CDATA[[Ljava.lang.Object;@4dad2363]]>
              </value>
            </param>
          </params>
          <reporter-output>
          </reporter-output>
        </test-method> <!-- getStatus -->
        <test-method signature="getStatus([Ljava.lang.Object;)[pri:0, instance:API.Crawl_Status_Excel@3b6d844d]" started-at="2026-04-20T15:56:14 IST" name="getStatus" data-provider="excelData" finished-at="2026-04-20T15:56:15 IST" duration-ms="1044" status="PASS">
          <params>
            <param index="0">
              <value>
                <![CDATA[[Ljava.lang.Object;@4cacccbf]]>
              </value>
            </param>
          </params>
          <reporter-output>
          </reporter-output>
        </test-method> <!-- getStatus -->
        <test-method signature="getStatus([Ljava.lang.Object;)[pri:0, instance:API.Crawl_Status_Excel@3b6d844d]" started-at="2026-04-20T15:56:15 IST" name="getStatus" data-provider="excelData" finished-at="2026-04-20T15:56:16 IST" duration-ms="1074" status="PASS">
          <params>
            <param index="0">
              <value>
                <![CDATA[[Ljava.lang.Object;@2c0a3826]]>
              </value>
            </param>
          </params>
          <reporter-output>
          </reporter-output>
        </test-method> <!-- getStatus -->
        <test-method signature="getStatus([Ljava.lang.Object;)[pri:0, instance:API.Crawl_Status_Excel@3b6d844d]" started-at="2026-04-20T15:56:16 IST" name="getStatus" data-provider="excelData" finished-at="2026-04-20T15:56:17 IST" duration-ms="1056" status="PASS">
          <params>
            <param index="0">
              <value>
                <![CDATA[[Ljava.lang.Object;@505a8582]]>
              </value>
            </param>
          </params>
          <reporter-output>
          </reporter-output>
        </test-method> <!-- getStatus -->
        <test-method signature="getStatus([Ljava.lang.Object;)[pri:0, instance:API.Crawl_Status_Excel@3b6d844d]" started-at="2026-04-20T15:56:17 IST" name="getStatus" data-provider="excelData" finished-at="2026-04-20T15:56:18 IST" duration-ms="1081" status="PASS">
          <params>
            <param index="0">
              <value>
                <![CDATA[[Ljava.lang.Object;@465d1345]]>
              </value>
            </param>
          </params>
          <reporter-output>
          </reporter-output>
        </test-method> <!-- getStatus -->
        <test-method signature="getStatus([Ljava.lang.Object;)[pri:0, instance:API.Crawl_Status_Excel@3b6d844d]" started-at="2026-04-20T15:56:18 IST" name="getStatus" data-provider="excelData" finished-at="2026-04-20T15:56:19 IST" duration-ms="1052" status="PASS">
          <params>
            <param index="0">
              <value>
                <![CDATA[[Ljava.lang.Object;@4af0c50]]>
              </value>
            </param>
          </params>
          <reporter-output>
          </reporter-output>
        </test-method> <!-- getStatus -->
        <test-method signature="getStatus([Ljava.lang.Object;)[pri:0, instance:API.Crawl_Status_Excel@3b6d844d]" started-at="2026-04-20T15:56:19 IST" name="getStatus" data-provider="excelData" finished-at="2026-04-20T15:56:20 IST" duration-ms="1019" status="FAIL">
          <params>
            <param index="0">
              <value>
                <![CDATA[[Ljava.lang.Object;@5891b7c5]]>
              </value>
            </param>
          </params>
          <exception class="java.lang.AssertionError">
            <message>
              <![CDATA[Status code mismatch! expected [200] but found [404]]]>
            </message>
            <full-stacktrace>
              <![CDATA[java.lang.AssertionError: Status code mismatch! expected [200] but found [404]
at org.testng.Assert.fail(Assert.java:111)
at org.testng.Assert.failNotEquals(Assert.java:1590)
at org.testng.Assert.assertEqualsImpl(Assert.java:150)
at org.testng.Assert.assertEquals(Assert.java:132)
at org.testng.Assert.assertEquals(Assert.java:1431)
at org.testng.Assert.assertEquals(Assert.java:1395)
at API.Crawl_Status_Excel.getStatus(Crawl_Status_Excel.java:88)
at java.base/jdk.internal.reflect.DirectMethodHandleAccessor.invoke(DirectMethodHandleAccessor.java:103)
at java.base/java.lang.reflect.Method.invoke(Method.java:580)
at org.testng.internal.invokers.MethodInvocationHelper.invokeMethod(MethodInvocationHelper.java:141)
at org.testng.internal.invokers.TestInvoker.invokeMethod(TestInvoker.java:687)
at org.testng.internal.invokers.TestInvoker.invokeTestMethod(TestInvoker.java:230)
at org.testng.internal.invokers.MethodRunner.runInSequence(MethodRunner.java:63)
at org.testng.internal.invokers.TestInvoker$MethodInvocationAgent.invoke(TestInvoker.java:995)
at org.testng.internal.invokers.TestInvoker.invokeTestMethods(TestInvoker.java:203)
at org.testng.internal.invokers.TestMethodWorker.invokeTestMethods(TestMethodWorker.java:154)
at org.testng.internal.invokers.TestMethodWorker.run(TestMethodWorker.java:134)
at java.base/java.util.ArrayList.forEach(ArrayList.java:1596)
at org.testng.TestRunner.privateRun(TestRunner.java:741)
at org.testng.TestRunner.run(TestRunner.java:616)
at org.testng.SuiteRunner.runTest(SuiteRunner.java:421)
at org.testng.SuiteRunner.runSequentially(SuiteRunner.java:413)
at org.testng.SuiteRunner.privateRun(SuiteRunner.java:373)
at org.testng.SuiteRunner.run(SuiteRunner.java:312)
at org.testng.SuiteRunnerWorker.runSuite(SuiteRunnerWorker.java:52)
at org.testng.SuiteRunnerWorker.run(SuiteRunnerWorker.java:95)
at org.testng.TestNG.runSuitesSequentially(TestNG.java:1274)
at org.testng.TestNG.runSuitesLocally(TestNG.java:1208)
at org.testng.TestNG.runSuites(TestNG.java:1112)
at org.testng.TestNG.run(TestNG.java:1079)
at org.testng.remote.AbstractRemoteTestNG.run(AbstractRemoteTestNG.java:115)
at org.testng.remote.RemoteTestNG.initAndRun(RemoteTestNG.java:293)
at org.testng.remote.RemoteTestNG.main(RemoteTestNG.java:91)
]]>
            </full-stacktrace>
          </exception> <!-- java.lang.AssertionError -->
          <reporter-output>
          </reporter-output>
        </test-method> <!-- getStatus -->
        <test-method signature="getStatus([Ljava.lang.Object;)[pri:0, instance:API.Crawl_Status_Excel@3b6d844d]" started-at="2026-04-20T15:56:20 IST" name="getStatus" data-provider="excelData" finished-at="2026-04-20T15:56:21 IST" duration-ms="992" status="FAIL">
          <params>
            <param index="0">
              <value>
                <![CDATA[[Ljava.lang.Object;@772f3a3f]]>
              </value>
            </param>
          </params>
          <exception class="java.lang.AssertionError">
            <message>
              <![CDATA[Status code mismatch! expected [200] but found [404]]]>
            </message>
            <full-stacktrace>
              <![CDATA[java.lang.AssertionError: Status code mismatch! expected [200] but found [404]
at org.testng.Assert.fail(Assert.java:111)
at org.testng.Assert.failNotEquals(Assert.java:1590)
at org.testng.Assert.assertEqualsImpl(Assert.java:150)
at org.testng.Assert.assertEquals(Assert.java:132)
at org.testng.Assert.assertEquals(Assert.java:1431)
at org.testng.Assert.assertEquals(Assert.java:1395)
at API.Crawl_Status_Excel.getStatus(Crawl_Status_Excel.java:88)
at java.base/jdk.internal.reflect.DirectMethodHandleAccessor.invoke(DirectMethodHandleAccessor.java:103)
at java.base/java.lang.reflect.Method.invoke(Method.java:580)
at org.testng.internal.invokers.MethodInvocationHelper.invokeMethod(MethodInvocationHelper.java:141)
at org.testng.internal.invokers.TestInvoker.invokeMethod(TestInvoker.java:687)
at org.testng.internal.invokers.TestInvoker.invokeTestMethod(TestInvoker.java:230)
at org.testng.internal.invokers.MethodRunner.runInSequence(MethodRunner.java:63)
at org.testng.internal.invokers.TestInvoker$MethodInvocationAgent.invoke(TestInvoker.java:995)
at org.testng.internal.invokers.TestInvoker.invokeTestMethods(TestInvoker.java:203)
at org.testng.internal.invokers.TestMethodWorker.invokeTestMethods(TestMethodWorker.java:154)
at org.testng.internal.invokers.TestMethodWorker.run(TestMethodWorker.java:134)
at java.base/java.util.ArrayList.forEach(ArrayList.java:1596)
at org.testng.TestRunner.privateRun(TestRunner.java:741)
at org.testng.TestRunner.run(TestRunner.java:616)
at org.testng.SuiteRunner.runTest(SuiteRunner.java:421)
at org.testng.SuiteRunner.runSequentially(SuiteRunner.java:413)
at org.testng.SuiteRunner.privateRun(SuiteRunner.java:373)
at org.testng.SuiteRunner.run(SuiteRunner.java:312)
at org.testng.SuiteRunnerWorker.runSuite(SuiteRunnerWorker.java:52)
at org.testng.SuiteRunnerWorker.run(SuiteRunnerWorker.java:95)
at org.testng.TestNG.runSuitesSequentially(TestNG.java:1274)
at org.testng.TestNG.runSuitesLocally(TestNG.java:1208)
at org.testng.TestNG.runSuites(TestNG.java:1112)
at org.testng.TestNG.run(TestNG.java:1079)
at org.testng.remote.AbstractRemoteTestNG.run(AbstractRemoteTestNG.java:115)
at org.testng.remote.RemoteTestNG.initAndRun(RemoteTestNG.java:293)
at org.testng.remote.RemoteTestNG.main(RemoteTestNG.java:91)
]]>
            </full-stacktrace>
          </exception> <!-- java.lang.AssertionError -->
          <reporter-output>
          </reporter-output>
        </test-method> <!-- getStatus -->
        <test-method is-config="true" signature="saveExcel()[pri:0, instance:API.Crawl_Status_Excel@3b6d844d]" started-at="2026-04-20T15:56:21 IST" name="saveExcel" finished-at="2026-04-20T15:56:21 IST" duration-ms="525" status="PASS">
          <reporter-output>
          </reporter-output>
        </test-method> <!-- saveExcel -->
      </class> <!-- API.Crawl_Status_Excel -->
    </test> <!-- API Tests -->
  </suite> <!-- Test Suite -->
</testng-results>
