<?xml version="1.0" encoding="UTF-8"?>
<testng-results ignored="0" total="80" passed="80" failed="0" skipped="0">
  <reporter-output>
  </reporter-output>
  <suite started-at="2026-05-12T12:26:44 IST" name="Test Suite" finished-at="2026-05-12T12:28:51 IST" duration-ms="126893">
    <groups>
    </groups>
    <test started-at="2026-05-12T12:26:44 IST" name="API Tests" finished-at="2026-05-12T12:28:51 IST" duration-ms="126893">
      <class name="API.Crawl_Status_Excel">
        <test-method is-config="true" signature="setupExcel()[pri:0, instance:API.Crawl_Status_Excel@41f69e84]" started-at="2026-05-12T12:26:44 IST" name="setupExcel" finished-at="2026-05-12T12:26:44 IST" duration-ms="453" status="PASS">
          <reporter-output>
          </reporter-output>
        </test-method> <!-- setupExcel -->
        <test-method signature="getStatus([Ljava.lang.Object;)[pri:0, instance:API.Crawl_Status_Excel@41f69e84]" started-at="2026-05-12T12:26:45 IST" name="getStatus" data-provider="excelData" finished-at="2026-05-12T12:26:47 IST" duration-ms="2470" status="PASS">
          <params>
            <param index="0">
              <value>
                <![CDATA[[Ljava.lang.Object;@6cd1ee]]>
              </value>
            </param>
          </params>
          <reporter-output>
          </reporter-output>
        </test-method> <!-- getStatus -->
        <test-method signature="getStatus([Ljava.lang.Object;)[pri:0, instance:API.Crawl_Status_Excel@41f69e84]" started-at="2026-05-12T12:26:47 IST" name="getStatus" data-provider="excelData" finished-at="2026-05-12T12:26:48 IST" duration-ms="1146" status="PASS">
          <params>
            <param index="0">
              <value>
                <![CDATA[[Ljava.lang.Object;@19f9287a]]>
              </value>
            </param>
          </params>
          <reporter-output>
          </reporter-output>
        </test-method> <!-- getStatus -->
        <test-method signature="getStatus([Ljava.lang.Object;)[pri:0, instance:API.Crawl_Status_Excel@41f69e84]" started-at="2026-05-12T12:26:48 IST" name="getStatus" data-provider="excelData" finished-at="2026-05-12T12:26:49 IST" duration-ms="1192" status="PASS">
          <params>
            <param index="0">
              <value>
                <![CDATA[[Ljava.lang.Object;@106c73ed]]>
              </value>
            </param>
          </params>
          <reporter-output>
          </reporter-output>
        </test-method> <!-- getStatus -->
        <test-method signature="getStatus([Ljava.lang.Object;)[pri:0, instance:API.Crawl_Status_Excel@41f69e84]" started-at="2026-05-12T12:26:49 IST" name="getStatus" data-provider="excelData" finished-at="2026-05-12T12:26:51 IST" duration-ms="1236" status="PASS">
          <params>
            <param index="0">
              <value>
                <![CDATA[[Ljava.lang.Object;@1488d1c]]>
              </value>
            </param>
          </params>
          <reporter-output>
          </reporter-output>
        </test-method> <!-- getStatus -->
        <test-method signature="getStatus([Ljava.lang.Object;)[pri:0, instance:API.Crawl_Status_Excel@41f69e84]" started-at="2026-05-12T12:26:51 IST" name="getStatus" data-provider="excelData" finished-at="2026-05-12T12:26:52 IST" duration-ms="1317" status="PASS">
          <params>
            <param index="0">
              <value>
                <![CDATA[[Ljava.lang.Object;@122a6078]]>
              </value>
            </param>
          </params>
          <reporter-output>
          </reporter-output>
        </test-method> <!-- getStatus -->
        <test-method signature="getStatus([Ljava.lang.Object;)[pri:0, instance:API.Crawl_Status_Excel@41f69e84]" started-at="2026-05-12T12:26:52 IST" name="getStatus" data-provider="excelData" finished-at="2026-05-12T12:26:53 IST" duration-ms="1223" status="PASS">
          <params>
            <param index="0">
              <value>
                <![CDATA[[Ljava.lang.Object;@f69e35a]]>
              </value>
            </param>
          </params>
          <reporter-output>
          </reporter-output>
        </test-method> <!-- getStatus -->
        <test-method signature="getStatus([Ljava.lang.Object;)[pri:0, instance:API.Crawl_Status_Excel@41f69e84]" started-at="2026-05-12T12:26:53 IST" name="getStatus" data-provider="excelData" finished-at="2026-05-12T12:26:54 IST" duration-ms="1186" status="PASS">
          <params>
            <param index="0">
              <value>
                <![CDATA[[Ljava.lang.Object;@7c045627]]>
              </value>
            </param>
          </params>
          <reporter-output>
          </reporter-output>
        </test-method> <!-- getStatus -->
        <test-method signature="getStatus([Ljava.lang.Object;)[pri:0, instance:API.Crawl_Status_Excel@41f69e84]" started-at="2026-05-12T12:26:54 IST" name="getStatus" data-provider="excelData" finished-at="2026-05-12T12:26:56 IST" duration-ms="1193" status="PASS">
          <params>
            <param index="0">
              <value>
                <![CDATA[[Ljava.lang.Object;@b21cbbf]]>
              </value>
            </param>
          </params>
          <reporter-output>
          </reporter-output>
        </test-method> <!-- getStatus -->
        <test-method signature="getStatus([Ljava.lang.Object;)[pri:0, instance:API.Crawl_Status_Excel@41f69e84]" started-at="2026-05-12T12:26:56 IST" name="getStatus" data-provider="excelData" finished-at="2026-05-12T12:26:57 IST" duration-ms="1324" status="PASS">
          <params>
            <param index="0">
              <value>
                <![CDATA[[Ljava.lang.Object;@3420547]]>
              </value>
            </param>
          </params>
          <reporter-output>
          </reporter-output>
        </test-method> <!-- getStatus -->
        <test-method signature="getStatus([Ljava.lang.Object;)[pri:0, instance:API.Crawl_Status_Excel@41f69e84]" started-at="2026-05-12T12:26:57 IST" name="getStatus" data-provider="excelData" finished-at="2026-05-12T12:26:58 IST" duration-ms="1631" status="PASS">
          <params>
            <param index="0">
              <value>
                <![CDATA[[Ljava.lang.Object;@3c83e9ca]]>
              </value>
            </param>
          </params>
          <reporter-output>
          </reporter-output>
        </test-method> <!-- getStatus -->
        <test-method signature="getStatus([Ljava.lang.Object;)[pri:0, instance:API.Crawl_Status_Excel@41f69e84]" started-at="2026-05-12T12:26:59 IST" name="getStatus" data-provider="excelData" finished-at="2026-05-12T12:27:00 IST" duration-ms="1352" status="PASS">
          <params>
            <param index="0">
              <value>
                <![CDATA[[Ljava.lang.Object;@329a27ae]]>
              </value>
            </param>
          </params>
          <reporter-output>
          </reporter-output>
        </test-method> <!-- getStatus -->
        <test-method signature="getStatus([Ljava.lang.Object;)[pri:0, instance:API.Crawl_Status_Excel@41f69e84]" started-at="2026-05-12T12:27:00 IST" name="getStatus" data-provider="excelData" finished-at="2026-05-12T12:27:01 IST" duration-ms="1243" status="PASS">
          <params>
            <param index="0">
              <value>
                <![CDATA[[Ljava.lang.Object;@65fa1cd]]>
              </value>
            </param>
          </params>
          <reporter-output>
          </reporter-output>
        </test-method> <!-- getStatus -->
        <test-method signature="getStatus([Ljava.lang.Object;)[pri:0, instance:API.Crawl_Status_Excel@41f69e84]" started-at="2026-05-12T12:27:01 IST" name="getStatus" data-provider="excelData" finished-at="2026-05-12T12:27:03 IST" duration-ms="1422" status="PASS">
          <params>
            <param index="0">
              <value>
                <![CDATA[[Ljava.lang.Object;@3a1540be]]>
              </value>
            </param>
          </params>
          <reporter-output>
          </reporter-output>
        </test-method> <!-- getStatus -->
        <test-method signature="getStatus([Ljava.lang.Object;)[pri:0, instance:API.Crawl_Status_Excel@41f69e84]" started-at="2026-05-12T12:27:03 IST" name="getStatus" data-provider="excelData" finished-at="2026-05-12T12:27:04 IST" duration-ms="1536" status="PASS">
          <params>
            <param index="0">
              <value>
                <![CDATA[[Ljava.lang.Object;@54a7d1b9]]>
              </value>
            </param>
          </params>
          <reporter-output>
          </reporter-output>
        </test-method> <!-- getStatus -->
        <test-method signature="getStatus([Ljava.lang.Object;)[pri:0, instance:API.Crawl_Status_Excel@41f69e84]" started-at="2026-05-12T12:27:04 IST" name="getStatus" data-provider="excelData" finished-at="2026-05-12T12:27:05 IST" duration-ms="1218" status="PASS">
          <params>
            <param index="0">
              <value>
                <![CDATA[[Ljava.lang.Object;@74471600]]>
              </value>
            </param>
          </params>
          <reporter-output>
          </reporter-output>
        </test-method> <!-- getStatus -->
        <test-method signature="getStatus([Ljava.lang.Object;)[pri:0, instance:API.Crawl_Status_Excel@41f69e84]" started-at="2026-05-12T12:27:05 IST" name="getStatus" data-provider="excelData" finished-at="2026-05-12T12:27:06 IST" duration-ms="1204" status="PASS">
          <params>
            <param index="0">
              <value>
                <![CDATA[[Ljava.lang.Object;@5dabe7c8]]>
              </value>
            </param>
          </params>
          <reporter-output>
          </reporter-output>
        </test-method> <!-- getStatus -->
        <test-method signature="getStatus([Ljava.lang.Object;)[pri:0, instance:API.Crawl_Status_Excel@41f69e84]" started-at="2026-05-12T12:27:06 IST" name="getStatus" data-provider="excelData" finished-at="2026-05-12T12:27:08 IST" duration-ms="1175" status="PASS">
          <params>
            <param index="0">
              <value>
                <![CDATA[[Ljava.lang.Object;@51158fb1]]>
              </value>
            </param>
          </params>
          <reporter-output>
          </reporter-output>
        </test-method> <!-- getStatus -->
        <test-method signature="getStatus([Ljava.lang.Object;)[pri:0, instance:API.Crawl_Status_Excel@41f69e84]" started-at="2026-05-12T12:27:08 IST" name="getStatus" data-provider="excelData" finished-at="2026-05-12T12:27:09 IST" duration-ms="1242" status="PASS">
          <params>
            <param index="0">
              <value>
                <![CDATA[[Ljava.lang.Object;@7a285418]]>
              </value>
            </param>
          </params>
          <reporter-output>
          </reporter-output>
        </test-method> <!-- getStatus -->
        <test-method signature="getStatus([Ljava.lang.Object;)[pri:0, instance:API.Crawl_Status_Excel@41f69e84]" started-at="2026-05-12T12:27:09 IST" name="getStatus" data-provider="excelData" finished-at="2026-05-12T12:27:10 IST" duration-ms="1254" status="PASS">
          <params>
            <param index="0">
              <value>
                <![CDATA[[Ljava.lang.Object;@5ae6119b]]>
              </value>
            </param>
          </params>
          <reporter-output>
          </reporter-output>
        </test-method> <!-- getStatus -->
        <test-method signature="getStatus([Ljava.lang.Object;)[pri:0, instance:API.Crawl_Status_Excel@41f69e84]" started-at="2026-05-12T12:27:10 IST" name="getStatus" data-provider="excelData" finished-at="2026-05-12T12:27:20 IST" duration-ms="10107" status="PASS">
          <params>
            <param index="0">
              <value>
                <![CDATA[[Ljava.lang.Object;@247877f3]]>
              </value>
            </param>
          </params>
          <reporter-output>
          </reporter-output>
        </test-method> <!-- getStatus -->
        <test-method signature="getStatus([Ljava.lang.Object;)[pri:0, instance:API.Crawl_Status_Excel@41f69e84]" started-at="2026-05-12T12:27:20 IST" name="getStatus" data-provider="excelData" finished-at="2026-05-12T12:27:21 IST" duration-ms="1120" status="PASS">
          <params>
            <param index="0">
              <value>
                <![CDATA[[Ljava.lang.Object;@80081d7]]>
              </value>
            </param>
          </params>
          <reporter-output>
          </reporter-output>
        </test-method> <!-- getStatus -->
        <test-method signature="getStatus([Ljava.lang.Object;)[pri:0, instance:API.Crawl_Status_Excel@41f69e84]" started-at="2026-05-12T12:27:21 IST" name="getStatus" data-provider="excelData" finished-at="2026-05-12T12:27:22 IST" duration-ms="1094" status="PASS">
          <params>
            <param index="0">
              <value>
                <![CDATA[[Ljava.lang.Object;@79e33802]]>
              </value>
            </param>
          </params>
          <reporter-output>
          </reporter-output>
        </test-method> <!-- getStatus -->
        <test-method signature="getStatus([Ljava.lang.Object;)[pri:0, instance:API.Crawl_Status_Excel@41f69e84]" started-at="2026-05-12T12:27:22 IST" name="getStatus" data-provider="excelData" finished-at="2026-05-12T12:27:24 IST" duration-ms="1157" status="PASS">
          <params>
            <param index="0">
              <value>
                <![CDATA[[Ljava.lang.Object;@65528bcf]]>
              </value>
            </param>
          </params>
          <reporter-output>
          </reporter-output>
        </test-method> <!-- getStatus -->
        <test-method signature="getStatus([Ljava.lang.Object;)[pri:0, instance:API.Crawl_Status_Excel@41f69e84]" started-at="2026-05-12T12:27:24 IST" name="getStatus" data-provider="excelData" finished-at="2026-05-12T12:27:25 IST" duration-ms="1079" status="PASS">
          <params>
            <param index="0">
              <value>
                <![CDATA[[Ljava.lang.Object;@2314f013]]>
              </value>
            </param>
          </params>
          <reporter-output>
          </reporter-output>
        </test-method> <!-- getStatus -->
        <test-method signature="getStatus([Ljava.lang.Object;)[pri:0, instance:API.Crawl_Status_Excel@41f69e84]" started-at="2026-05-12T12:27:25 IST" name="getStatus" data-provider="excelData" finished-at="2026-05-12T12:27:26 IST" duration-ms="1159" status="PASS">
          <params>
            <param index="0">
              <value>
                <![CDATA[[Ljava.lang.Object;@7a0eb939]]>
              </value>
            </param>
          </params>
          <reporter-output>
          </reporter-output>
        </test-method> <!-- getStatus -->
        <test-method signature="getStatus([Ljava.lang.Object;)[pri:0, instance:API.Crawl_Status_Excel@41f69e84]" started-at="2026-05-12T12:27:26 IST" name="getStatus" data-provider="excelData" finished-at="2026-05-12T12:27:27 IST" duration-ms="1271" status="PASS">
          <params>
            <param index="0">
              <value>
                <![CDATA[[Ljava.lang.Object;@2f16c21f]]>
              </value>
            </param>
          </params>
          <reporter-output>
          </reporter-output>
        </test-method> <!-- getStatus -->
        <test-method signature="getStatus([Ljava.lang.Object;)[pri:0, instance:API.Crawl_Status_Excel@41f69e84]" started-at="2026-05-12T12:27:27 IST" name="getStatus" data-provider="excelData" finished-at="2026-05-12T12:27:28 IST" duration-ms="1102" status="PASS">
          <params>
            <param index="0">
              <value>
                <![CDATA[[Ljava.lang.Object;@5cdafb4d]]>
              </value>
            </param>
          </params>
          <reporter-output>
          </reporter-output>
        </test-method> <!-- getStatus -->
        <test-method signature="getStatus([Ljava.lang.Object;)[pri:0, instance:API.Crawl_Status_Excel@41f69e84]" started-at="2026-05-12T12:27:28 IST" name="getStatus" data-provider="excelData" finished-at="2026-05-12T12:27:29 IST" duration-ms="1196" status="PASS">
          <params>
            <param index="0">
              <value>
                <![CDATA[[Ljava.lang.Object;@58ca1cad]]>
              </value>
            </param>
          </params>
          <reporter-output>
          </reporter-output>
        </test-method> <!-- getStatus -->
        <test-method signature="getStatus([Ljava.lang.Object;)[pri:0, instance:API.Crawl_Status_Excel@41f69e84]" started-at="2026-05-12T12:27:29 IST" name="getStatus" data-provider="excelData" finished-at="2026-05-12T12:27:31 IST" duration-ms="1092" status="PASS">
          <params>
            <param index="0">
              <value>
                <![CDATA[[Ljava.lang.Object;@1dfd3635]]>
              </value>
            </param>
          </params>
          <reporter-output>
          </reporter-output>
        </test-method> <!-- getStatus -->
        <test-method signature="getStatus([Ljava.lang.Object;)[pri:0, instance:API.Crawl_Status_Excel@41f69e84]" started-at="2026-05-12T12:27:31 IST" name="getStatus" data-provider="excelData" finished-at="2026-05-12T12:27:32 IST" duration-ms="1078" status="PASS">
          <params>
            <param index="0">
              <value>
                <![CDATA[[Ljava.lang.Object;@44d36b56]]>
              </value>
            </param>
          </params>
          <reporter-output>
          </reporter-output>
        </test-method> <!-- getStatus -->
        <test-method signature="getStatus([Ljava.lang.Object;)[pri:0, instance:API.Crawl_Status_Excel@41f69e84]" started-at="2026-05-12T12:27:32 IST" name="getStatus" data-provider="excelData" finished-at="2026-05-12T12:27:33 IST" duration-ms="1071" status="PASS">
          <params>
            <param index="0">
              <value>
                <![CDATA[[Ljava.lang.Object;@c0b10ae]]>
              </value>
            </param>
          </params>
          <reporter-output>
          </reporter-output>
        </test-method> <!-- getStatus -->
        <test-method signature="getStatus([Ljava.lang.Object;)[pri:0, instance:API.Crawl_Status_Excel@41f69e84]" started-at="2026-05-12T12:27:33 IST" name="getStatus" data-provider="excelData" finished-at="2026-05-12T12:27:34 IST" duration-ms="1065" status="PASS">
          <params>
            <param index="0">
              <value>
                <![CDATA[[Ljava.lang.Object;@7c0ecdbf]]>
              </value>
            </param>
          </params>
          <reporter-output>
          </reporter-output>
        </test-method> <!-- getStatus -->
        <test-method signature="getStatus([Ljava.lang.Object;)[pri:0, instance:API.Crawl_Status_Excel@41f69e84]" started-at="2026-05-12T12:27:34 IST" name="getStatus" data-provider="excelData" finished-at="2026-05-12T12:27:35 IST" duration-ms="1012" status="PASS">
          <params>
            <param index="0">
              <value>
                <![CDATA[[Ljava.lang.Object;@1a000fff]]>
              </value>
            </param>
          </params>
          <reporter-output>
          </reporter-output>
        </test-method> <!-- getStatus -->
        <test-method signature="getStatus([Ljava.lang.Object;)[pri:0, instance:API.Crawl_Status_Excel@41f69e84]" started-at="2026-05-12T12:27:35 IST" name="getStatus" data-provider="excelData" finished-at="2026-05-12T12:27:36 IST" duration-ms="1049" status="PASS">
          <params>
            <param index="0">
              <value>
                <![CDATA[[Ljava.lang.Object;@2226fd2b]]>
              </value>
            </param>
          </params>
          <reporter-output>
          </reporter-output>
        </test-method> <!-- getStatus -->
        <test-method signature="getStatus([Ljava.lang.Object;)[pri:0, instance:API.Crawl_Status_Excel@41f69e84]" started-at="2026-05-12T12:27:36 IST" name="getStatus" data-provider="excelData" finished-at="2026-05-12T12:27:37 IST" duration-ms="1035" status="PASS">
          <params>
            <param index="0">
              <value>
                <![CDATA[[Ljava.lang.Object;@d79a69b]]>
              </value>
            </param>
          </params>
          <reporter-output>
          </reporter-output>
        </test-method> <!-- getStatus -->
        <test-method signature="getStatus([Ljava.lang.Object;)[pri:0, instance:API.Crawl_Status_Excel@41f69e84]" started-at="2026-05-12T12:27:37 IST" name="getStatus" data-provider="excelData" finished-at="2026-05-12T12:27:38 IST" duration-ms="1015" status="PASS">
          <params>
            <param index="0">
              <value>
                <![CDATA[[Ljava.lang.Object;@24caa80]]>
              </value>
            </param>
          </params>
          <reporter-output>
          </reporter-output>
        </test-method> <!-- getStatus -->
        <test-method signature="getStatus([Ljava.lang.Object;)[pri:0, instance:API.Crawl_Status_Excel@41f69e84]" started-at="2026-05-12T12:27:38 IST" name="getStatus" data-provider="excelData" finished-at="2026-05-12T12:27:39 IST" duration-ms="1088" status="PASS">
          <params>
            <param index="0">
              <value>
                <![CDATA[[Ljava.lang.Object;@4733662d]]>
              </value>
            </param>
          </params>
          <reporter-output>
          </reporter-output>
        </test-method> <!-- getStatus -->
        <test-method signature="getStatus([Ljava.lang.Object;)[pri:0, instance:API.Crawl_Status_Excel@41f69e84]" started-at="2026-05-12T12:27:39 IST" name="getStatus" data-provider="excelData" finished-at="2026-05-12T12:27:40 IST" duration-ms="1027" status="PASS">
          <params>
            <param index="0">
              <value>
                <![CDATA[[Ljava.lang.Object;@57d0c779]]>
              </value>
            </param>
          </params>
          <reporter-output>
          </reporter-output>
        </test-method> <!-- getStatus -->
        <test-method signature="getStatus([Ljava.lang.Object;)[pri:0, instance:API.Crawl_Status_Excel@41f69e84]" started-at="2026-05-12T12:27:40 IST" name="getStatus" data-provider="excelData" finished-at="2026-05-12T12:27:41 IST" duration-ms="1032" status="PASS">
          <params>
            <param index="0">
              <value>
                <![CDATA[[Ljava.lang.Object;@7c855ef0]]>
              </value>
            </param>
          </params>
          <reporter-output>
          </reporter-output>
        </test-method> <!-- getStatus -->
        <test-method signature="getStatus([Ljava.lang.Object;)[pri:0, instance:API.Crawl_Status_Excel@41f69e84]" started-at="2026-05-12T12:27:41 IST" name="getStatus" data-provider="excelData" finished-at="2026-05-12T12:27:51 IST" duration-ms="10035" status="PASS">
          <params>
            <param index="0">
              <value>
                <![CDATA[[Ljava.lang.Object;@44bb6856]]>
              </value>
            </param>
          </params>
          <reporter-output>
          </reporter-output>
        </test-method> <!-- getStatus -->
        <test-method signature="getStatus([Ljava.lang.Object;)[pri:0, instance:API.Crawl_Status_Excel@41f69e84]" started-at="2026-05-12T12:27:51 IST" name="getStatus" data-provider="excelData" finished-at="2026-05-12T12:27:52 IST" duration-ms="1257" status="PASS">
          <params>
            <param index="0">
              <value>
                <![CDATA[[Ljava.lang.Object;@5352bc0e]]>
              </value>
            </param>
          </params>
          <reporter-output>
          </reporter-output>
        </test-method> <!-- getStatus -->
        <test-method signature="getStatus([Ljava.lang.Object;)[pri:0, instance:API.Crawl_Status_Excel@41f69e84]" started-at="2026-05-12T12:27:52 IST" name="getStatus" data-provider="excelData" finished-at="2026-05-12T12:27:53 IST" duration-ms="1101" status="PASS">
          <params>
            <param index="0">
              <value>
                <![CDATA[[Ljava.lang.Object;@4924ad09]]>
              </value>
            </param>
          </params>
          <reporter-output>
          </reporter-output>
        </test-method> <!-- getStatus -->
        <test-method signature="getStatus([Ljava.lang.Object;)[pri:0, instance:API.Crawl_Status_Excel@41f69e84]" started-at="2026-05-12T12:27:53 IST" name="getStatus" data-provider="excelData" finished-at="2026-05-12T12:27:54 IST" duration-ms="1039" status="PASS">
          <params>
            <param index="0">
              <value>
                <![CDATA[[Ljava.lang.Object;@31b6eec8]]>
              </value>
            </param>
          </params>
          <reporter-output>
          </reporter-output>
        </test-method> <!-- getStatus -->
        <test-method signature="getStatus([Ljava.lang.Object;)[pri:0, instance:API.Crawl_Status_Excel@41f69e84]" started-at="2026-05-12T12:27:54 IST" name="getStatus" data-provider="excelData" finished-at="2026-05-12T12:27:56 IST" duration-ms="1099" status="PASS">
          <params>
            <param index="0">
              <value>
                <![CDATA[[Ljava.lang.Object;@578ac0be]]>
              </value>
            </param>
          </params>
          <reporter-output>
          </reporter-output>
        </test-method> <!-- getStatus -->
        <test-method signature="getStatus([Ljava.lang.Object;)[pri:0, instance:API.Crawl_Status_Excel@41f69e84]" started-at="2026-05-12T12:27:56 IST" name="getStatus" data-provider="excelData" finished-at="2026-05-12T12:27:57 IST" duration-ms="1021" status="PASS">
          <params>
            <param index="0">
              <value>
                <![CDATA[[Ljava.lang.Object;@6980fa39]]>
              </value>
            </param>
          </params>
          <reporter-output>
          </reporter-output>
        </test-method> <!-- getStatus -->
        <test-method signature="getStatus([Ljava.lang.Object;)[pri:0, instance:API.Crawl_Status_Excel@41f69e84]" started-at="2026-05-12T12:27:57 IST" name="getStatus" data-provider="excelData" finished-at="2026-05-12T12:27:58 IST" duration-ms="1026" status="PASS">
          <params>
            <param index="0">
              <value>
                <![CDATA[[Ljava.lang.Object;@3c3a767]]>
              </value>
            </param>
          </params>
          <reporter-output>
          </reporter-output>
        </test-method> <!-- getStatus -->
        <test-method signature="getStatus([Ljava.lang.Object;)[pri:0, instance:API.Crawl_Status_Excel@41f69e84]" started-at="2026-05-12T12:27:58 IST" name="getStatus" data-provider="excelData" finished-at="2026-05-12T12:27:59 IST" duration-ms="1000" status="PASS">
          <params>
            <param index="0">
              <value>
                <![CDATA[[Ljava.lang.Object;@19c6e821]]>
              </value>
            </param>
          </params>
          <reporter-output>
          </reporter-output>
        </test-method> <!-- getStatus -->
        <test-method signature="getStatus([Ljava.lang.Object;)[pri:0, instance:API.Crawl_Status_Excel@41f69e84]" started-at="2026-05-12T12:27:59 IST" name="getStatus" data-provider="excelData" finished-at="2026-05-12T12:28:00 IST" duration-ms="1001" status="PASS">
          <params>
            <param index="0">
              <value>
                <![CDATA[[Ljava.lang.Object;@e14559e]]>
              </value>
            </param>
          </params>
          <reporter-output>
          </reporter-output>
        </test-method> <!-- getStatus -->
        <test-method signature="getStatus([Ljava.lang.Object;)[pri:0, instance:API.Crawl_Status_Excel@41f69e84]" started-at="2026-05-12T12:28:00 IST" name="getStatus" data-provider="excelData" finished-at="2026-05-12T12:28:01 IST" duration-ms="1021" status="PASS">
          <params>
            <param index="0">
              <value>
                <![CDATA[[Ljava.lang.Object;@b1e63b5]]>
              </value>
            </param>
          </params>
          <reporter-output>
          </reporter-output>
        </test-method> <!-- getStatus -->
        <test-method signature="getStatus([Ljava.lang.Object;)[pri:0, instance:API.Crawl_Status_Excel@41f69e84]" started-at="2026-05-12T12:28:01 IST" name="getStatus" data-provider="excelData" finished-at="2026-05-12T12:28:02 IST" duration-ms="1000" status="PASS">
          <params>
            <param index="0">
              <value>
                <![CDATA[[Ljava.lang.Object;@6ce1cc03]]>
              </value>
            </param>
          </params>
          <reporter-output>
          </reporter-output>
        </test-method> <!-- getStatus -->
        <test-method signature="getStatus([Ljava.lang.Object;)[pri:0, instance:API.Crawl_Status_Excel@41f69e84]" started-at="2026-05-12T12:28:02 IST" name="getStatus" data-provider="excelData" finished-at="2026-05-12T12:28:03 IST" duration-ms="1046" status="PASS">
          <params>
            <param index="0">
              <value>
                <![CDATA[[Ljava.lang.Object;@62682ece]]>
              </value>
            </param>
          </params>
          <reporter-output>
          </reporter-output>
        </test-method> <!-- getStatus -->
        <test-method signature="getStatus([Ljava.lang.Object;)[pri:0, instance:API.Crawl_Status_Excel@41f69e84]" started-at="2026-05-12T12:28:03 IST" name="getStatus" data-provider="excelData" finished-at="2026-05-12T12:28:04 IST" duration-ms="1057" status="PASS">
          <params>
            <param index="0">
              <value>
                <![CDATA[[Ljava.lang.Object;@4545cfc0]]>
              </value>
            </param>
          </params>
          <reporter-output>
          </reporter-output>
        </test-method> <!-- getStatus -->
        <test-method signature="getStatus([Ljava.lang.Object;)[pri:0, instance:API.Crawl_Status_Excel@41f69e84]" started-at="2026-05-12T12:28:04 IST" name="getStatus" data-provider="excelData" finished-at="2026-05-12T12:28:05 IST" duration-ms="1117" status="PASS">
          <params>
            <param index="0">
              <value>
                <![CDATA[[Ljava.lang.Object;@25502b1c]]>
              </value>
            </param>
          </params>
          <reporter-output>
          </reporter-output>
        </test-method> <!-- getStatus -->
        <test-method signature="getStatus([Ljava.lang.Object;)[pri:0, instance:API.Crawl_Status_Excel@41f69e84]" started-at="2026-05-12T12:28:05 IST" name="getStatus" data-provider="excelData" finished-at="2026-05-12T12:28:06 IST" duration-ms="1113" status="PASS">
          <params>
            <param index="0">
              <value>
                <![CDATA[[Ljava.lang.Object;@6c2d124e]]>
              </value>
            </param>
          </params>
          <reporter-output>
          </reporter-output>
        </test-method> <!-- getStatus -->
        <test-method signature="getStatus([Ljava.lang.Object;)[pri:0, instance:API.Crawl_Status_Excel@41f69e84]" started-at="2026-05-12T12:28:06 IST" name="getStatus" data-provider="excelData" finished-at="2026-05-12T12:28:07 IST" duration-ms="1089" status="PASS">
          <params>
            <param index="0">
              <value>
                <![CDATA[[Ljava.lang.Object;@3abd7b20]]>
              </value>
            </param>
          </params>
          <reporter-output>
          </reporter-output>
        </test-method> <!-- getStatus -->
        <test-method signature="getStatus([Ljava.lang.Object;)[pri:0, instance:API.Crawl_Status_Excel@41f69e84]" started-at="2026-05-12T12:28:07 IST" name="getStatus" data-provider="excelData" finished-at="2026-05-12T12:28:08 IST" duration-ms="1077" status="PASS">
          <params>
            <param index="0">
              <value>
                <![CDATA[[Ljava.lang.Object;@4250b0c1]]>
              </value>
            </param>
          </params>
          <reporter-output>
          </reporter-output>
        </test-method> <!-- getStatus -->
        <test-method signature="getStatus([Ljava.lang.Object;)[pri:0, instance:API.Crawl_Status_Excel@41f69e84]" started-at="2026-05-12T12:28:08 IST" name="getStatus" data-provider="excelData" finished-at="2026-05-12T12:28:09 IST" duration-ms="1074" status="PASS">
          <params>
            <param index="0">
              <value>
                <![CDATA[[Ljava.lang.Object;@7bb4f09d]]>
              </value>
            </param>
          </params>
          <reporter-output>
          </reporter-output>
        </test-method> <!-- getStatus -->
        <test-method signature="getStatus([Ljava.lang.Object;)[pri:0, instance:API.Crawl_Status_Excel@41f69e84]" started-at="2026-05-12T12:28:09 IST" name="getStatus" data-provider="excelData" finished-at="2026-05-12T12:28:10 IST" duration-ms="1046" status="PASS">
          <params>
            <param index="0">
              <value>
                <![CDATA[[Ljava.lang.Object;@1f138b74]]>
              </value>
            </param>
          </params>
          <reporter-output>
          </reporter-output>
        </test-method> <!-- getStatus -->
        <test-method signature="getStatus([Ljava.lang.Object;)[pri:0, instance:API.Crawl_Status_Excel@41f69e84]" started-at="2026-05-12T12:28:10 IST" name="getStatus" data-provider="excelData" finished-at="2026-05-12T12:28:11 IST" duration-ms="997" status="PASS">
          <params>
            <param index="0">
              <value>
                <![CDATA[[Ljava.lang.Object;@5edce7da]]>
              </value>
            </param>
          </params>
          <reporter-output>
          </reporter-output>
        </test-method> <!-- getStatus -->
        <test-method signature="getStatus([Ljava.lang.Object;)[pri:0, instance:API.Crawl_Status_Excel@41f69e84]" started-at="2026-05-12T12:28:11 IST" name="getStatus" data-provider="excelData" finished-at="2026-05-12T12:28:21 IST" duration-ms="10087" status="PASS">
          <params>
            <param index="0">
              <value>
                <![CDATA[[Ljava.lang.Object;@49b73e6c]]>
              </value>
            </param>
          </params>
          <reporter-output>
          </reporter-output>
        </test-method> <!-- getStatus -->
        <test-method signature="getStatus([Ljava.lang.Object;)[pri:0, instance:API.Crawl_Status_Excel@41f69e84]" started-at="2026-05-12T12:28:21 IST" name="getStatus" data-provider="excelData" finished-at="2026-05-12T12:28:22 IST" duration-ms="1019" status="PASS">
          <params>
            <param index="0">
              <value>
                <![CDATA[[Ljava.lang.Object;@4c682826]]>
              </value>
            </param>
          </params>
          <reporter-output>
          </reporter-output>
        </test-method> <!-- getStatus -->
        <test-method signature="getStatus([Ljava.lang.Object;)[pri:0, instance:API.Crawl_Status_Excel@41f69e84]" started-at="2026-05-12T12:28:22 IST" name="getStatus" data-provider="excelData" finished-at="2026-05-12T12:28:23 IST" duration-ms="987" status="PASS">
          <params>
            <param index="0">
              <value>
                <![CDATA[[Ljava.lang.Object;@6aff157e]]>
              </value>
            </param>
          </params>
          <reporter-output>
          </reporter-output>
        </test-method> <!-- getStatus -->
        <test-method signature="getStatus([Ljava.lang.Object;)[pri:0, instance:API.Crawl_Status_Excel@41f69e84]" started-at="2026-05-12T12:28:23 IST" name="getStatus" data-provider="excelData" finished-at="2026-05-12T12:28:24 IST" duration-ms="1014" status="PASS">
          <params>
            <param index="0">
              <value>
                <![CDATA[[Ljava.lang.Object;@19bad88]]>
              </value>
            </param>
          </params>
          <reporter-output>
          </reporter-output>
        </test-method> <!-- getStatus -->
        <test-method signature="getStatus([Ljava.lang.Object;)[pri:0, instance:API.Crawl_Status_Excel@41f69e84]" started-at="2026-05-12T12:28:24 IST" name="getStatus" data-provider="excelData" finished-at="2026-05-12T12:28:25 IST" duration-ms="1016" status="PASS">
          <params>
            <param index="0">
              <value>
                <![CDATA[[Ljava.lang.Object;@589a82af]]>
              </value>
            </param>
          </params>
          <reporter-output>
          </reporter-output>
        </test-method> <!-- getStatus -->
        <test-method signature="getStatus([Ljava.lang.Object;)[pri:0, instance:API.Crawl_Status_Excel@41f69e84]" started-at="2026-05-12T12:28:25 IST" name="getStatus" data-provider="excelData" finished-at="2026-05-12T12:28:26 IST" duration-ms="1030" status="PASS">
          <params>
            <param index="0">
              <value>
                <![CDATA[[Ljava.lang.Object;@1cc878e6]]>
              </value>
            </param>
          </params>
          <reporter-output>
          </reporter-output>
        </test-method> <!-- getStatus -->
        <test-method signature="getStatus([Ljava.lang.Object;)[pri:0, instance:API.Crawl_Status_Excel@41f69e84]" started-at="2026-05-12T12:28:26 IST" name="getStatus" data-provider="excelData" finished-at="2026-05-12T12:28:27 IST" duration-ms="989" status="PASS">
          <params>
            <param index="0">
              <value>
                <![CDATA[[Ljava.lang.Object;@602e7a9e]]>
              </value>
            </param>
          </params>
          <reporter-output>
          </reporter-output>
        </test-method> <!-- getStatus -->
        <test-method signature="getStatus([Ljava.lang.Object;)[pri:0, instance:API.Crawl_Status_Excel@41f69e84]" started-at="2026-05-12T12:28:27 IST" name="getStatus" data-provider="excelData" finished-at="2026-05-12T12:28:28 IST" duration-ms="1025" status="PASS">
          <params>
            <param index="0">
              <value>
                <![CDATA[[Ljava.lang.Object;@59f5a376]]>
              </value>
            </param>
          </params>
          <reporter-output>
          </reporter-output>
        </test-method> <!-- getStatus -->
        <test-method signature="getStatus([Ljava.lang.Object;)[pri:0, instance:API.Crawl_Status_Excel@41f69e84]" started-at="2026-05-12T12:28:28 IST" name="getStatus" data-provider="excelData" finished-at="2026-05-12T12:28:29 IST" duration-ms="1020" status="PASS">
          <params>
            <param index="0">
              <value>
                <![CDATA[[Ljava.lang.Object;@a1c4f69]]>
              </value>
            </param>
          </params>
          <reporter-output>
          </reporter-output>
        </test-method> <!-- getStatus -->
        <test-method signature="getStatus([Ljava.lang.Object;)[pri:0, instance:API.Crawl_Status_Excel@41f69e84]" started-at="2026-05-12T12:28:29 IST" name="getStatus" data-provider="excelData" finished-at="2026-05-12T12:28:31 IST" duration-ms="1047" status="PASS">
          <params>
            <param index="0">
              <value>
                <![CDATA[[Ljava.lang.Object;@698394bf]]>
              </value>
            </param>
          </params>
          <reporter-output>
          </reporter-output>
        </test-method> <!-- getStatus -->
        <test-method signature="getStatus([Ljava.lang.Object;)[pri:0, instance:API.Crawl_Status_Excel@41f69e84]" started-at="2026-05-12T12:28:31 IST" name="getStatus" data-provider="excelData" finished-at="2026-05-12T12:28:32 IST" duration-ms="997" status="PASS">
          <params>
            <param index="0">
              <value>
                <![CDATA[[Ljava.lang.Object;@72ae1007]]>
              </value>
            </param>
          </params>
          <reporter-output>
          </reporter-output>
        </test-method> <!-- getStatus -->
        <test-method signature="getStatus([Ljava.lang.Object;)[pri:0, instance:API.Crawl_Status_Excel@41f69e84]" started-at="2026-05-12T12:28:32 IST" name="getStatus" data-provider="excelData" finished-at="2026-05-12T12:28:33 IST" duration-ms="1027" status="PASS">
          <params>
            <param index="0">
              <value>
                <![CDATA[[Ljava.lang.Object;@209f0986]]>
              </value>
            </param>
          </params>
          <reporter-output>
          </reporter-output>
        </test-method> <!-- getStatus -->
        <test-method signature="getStatus([Ljava.lang.Object;)[pri:0, instance:API.Crawl_Status_Excel@41f69e84]" started-at="2026-05-12T12:28:33 IST" name="getStatus" data-provider="excelData" finished-at="2026-05-12T12:28:34 IST" duration-ms="984" status="PASS">
          <params>
            <param index="0">
              <value>
                <![CDATA[[Ljava.lang.Object;@7e9d171c]]>
              </value>
            </param>
          </params>
          <reporter-output>
          </reporter-output>
        </test-method> <!-- getStatus -->
        <test-method signature="getStatus([Ljava.lang.Object;)[pri:0, instance:API.Crawl_Status_Excel@41f69e84]" started-at="2026-05-12T12:28:34 IST" name="getStatus" data-provider="excelData" finished-at="2026-05-12T12:28:35 IST" duration-ms="1023" status="PASS">
          <params>
            <param index="0">
              <value>
                <![CDATA[[Ljava.lang.Object;@1e6cd1c]]>
              </value>
            </param>
          </params>
          <reporter-output>
          </reporter-output>
        </test-method> <!-- getStatus -->
        <test-method signature="getStatus([Ljava.lang.Object;)[pri:0, instance:API.Crawl_Status_Excel@41f69e84]" started-at="2026-05-12T12:28:35 IST" name="getStatus" data-provider="excelData" finished-at="2026-05-12T12:28:36 IST" duration-ms="1035" status="PASS">
          <params>
            <param index="0">
              <value>
                <![CDATA[[Ljava.lang.Object;@7b5e5fa]]>
              </value>
            </param>
          </params>
          <reporter-output>
          </reporter-output>
        </test-method> <!-- getStatus -->
        <test-method signature="getStatus([Ljava.lang.Object;)[pri:0, instance:API.Crawl_Status_Excel@41f69e84]" started-at="2026-05-12T12:28:36 IST" name="getStatus" data-provider="excelData" finished-at="2026-05-12T12:28:37 IST" duration-ms="1039" status="PASS">
          <params>
            <param index="0">
              <value>
                <![CDATA[[Ljava.lang.Object;@3dedc8b8]]>
              </value>
            </param>
          </params>
          <reporter-output>
          </reporter-output>
        </test-method> <!-- getStatus -->
        <test-method signature="getStatus([Ljava.lang.Object;)[pri:0, instance:API.Crawl_Status_Excel@41f69e84]" started-at="2026-05-12T12:28:37 IST" name="getStatus" data-provider="excelData" finished-at="2026-05-12T12:28:38 IST" duration-ms="990" status="PASS">
          <params>
            <param index="0">
              <value>
                <![CDATA[[Ljava.lang.Object;@1dab2cf5]]>
              </value>
            </param>
          </params>
          <reporter-output>
          </reporter-output>
        </test-method> <!-- getStatus -->
        <test-method signature="getStatus([Ljava.lang.Object;)[pri:0, instance:API.Crawl_Status_Excel@41f69e84]" started-at="2026-05-12T12:28:38 IST" name="getStatus" data-provider="excelData" finished-at="2026-05-12T12:28:39 IST" duration-ms="1055" status="PASS">
          <params>
            <param index="0">
              <value>
                <![CDATA[[Ljava.lang.Object;@31887330]]>
              </value>
            </param>
          </params>
          <reporter-output>
          </reporter-output>
        </test-method> <!-- getStatus -->
        <test-method signature="getStatus([Ljava.lang.Object;)[pri:0, instance:API.Crawl_Status_Excel@41f69e84]" started-at="2026-05-12T12:28:39 IST" name="getStatus" data-provider="excelData" finished-at="2026-05-12T12:28:40 IST" duration-ms="1026" status="PASS">
          <params>
            <param index="0">
              <value>
                <![CDATA[[Ljava.lang.Object;@3070f59f]]>
              </value>
            </param>
          </params>
          <reporter-output>
          </reporter-output>
        </test-method> <!-- getStatus -->
        <test-method signature="getStatus([Ljava.lang.Object;)[pri:0, instance:API.Crawl_Status_Excel@41f69e84]" started-at="2026-05-12T12:28:40 IST" name="getStatus" data-provider="excelData" finished-at="2026-05-12T12:28:41 IST" duration-ms="1018" status="PASS">
          <params>
            <param index="0">
              <value>
                <![CDATA[[Ljava.lang.Object;@ee7a538]]>
              </value>
            </param>
          </params>
          <reporter-output>
          </reporter-output>
        </test-method> <!-- getStatus -->
        <test-method signature="getStatus([Ljava.lang.Object;)[pri:0, instance:API.Crawl_Status_Excel@41f69e84]" started-at="2026-05-12T12:28:41 IST" name="getStatus" data-provider="excelData" finished-at="2026-05-12T12:28:51 IST" duration-ms="10043" status="PASS">
          <params>
            <param index="0">
              <value>
                <![CDATA[[Ljava.lang.Object;@186537ac]]>
              </value>
            </param>
          </params>
          <reporter-output>
          </reporter-output>
        </test-method> <!-- getStatus -->
        <test-method is-config="true" signature="saveExcel()[pri:0, instance:API.Crawl_Status_Excel@41f69e84]" started-at="2026-05-12T12:28:51 IST" name="saveExcel" finished-at="2026-05-12T12:28:51 IST" duration-ms="125" status="PASS">
          <reporter-output>
          </reporter-output>
        </test-method> <!-- saveExcel -->
        <test-method is-config="true" signature="afterSuite()[pri:0, instance:API.Crawl_Status_Excel@41f69e84]" started-at="2026-05-12T12:28:51 IST" name="afterSuite" finished-at="2026-05-12T12:28:57 IST" duration-ms="5728" status="PASS">
          <reporter-output>
          </reporter-output>
        </test-method> <!-- afterSuite -->
      </class> <!-- API.Crawl_Status_Excel -->
    </test> <!-- API Tests -->
  </suite> <!-- Test Suite -->
</testng-results>
