<?xml version="1.0" encoding="UTF-8"?>
<!-- Generated by org.testng.reporters.JUnitReportReporter -->
<testsuite hostname="DESKTOP-HKOU7GK" failures="0" tests="19" name="API.Crawl_Status_Excel" time="20.941" errors="0" timestamp="2026-04-21T15:18:34 IST" skipped="0">
  <testcase classname="API.Crawl_Status_Excel" name="getStatus" time="0.997"/>
  <testcase classname="API.Crawl_Status_Excel" name="getStatus" time="1.031"/>
  <testcase classname="API.Crawl_Status_Excel" name="getStatus" time="1.024"/>
  <testcase classname="API.Crawl_Status_Excel" name="getStatus" time="1.043"/>
  <testcase classname="API.Crawl_Status_Excel" name="getStatus" time="1.021"/>
  <testcase classname="API.Crawl_Status_Excel" name="getStatus" time="0.998"/>
  <testcase classname="API.Crawl_Status_Excel" name="getStatus" time="1.029"/>
  <testcase classname="API.Crawl_Status_Excel" name="getStatus" time="0.966"/>
  <testcase classname="API.Crawl_Status_Excel" name="getStatus" time="0.977"/>
  <testcase classname="API.Crawl_Status_Excel" name="getStatus" time="0.990"/>
  <testcase classname="API.Crawl_Status_Excel" name="getStatus" time="1.000"/>
  <testcase classname="API.Crawl_Status_Excel" name="getStatus" time="1.037"/>
  <testcase classname="API.Crawl_Status_Excel" name="getStatus" time="1.031"/>
  <testcase classname="API.Crawl_Status_Excel" name="getStatus" time="1.053"/>
  <testcase classname="API.Crawl_Status_Excel" name="getStatus" time="2.708"/>
  <testcase classname="API.Crawl_Status_Excel" name="getStatus" time="1.024"/>
  <testcase classname="API.Crawl_Status_Excel" name="getStatus" time="1.030"/>
  <testcase classname="API.Crawl_Status_Excel" name="getStatus" time="1.025"/>
  <testcase classname="API.Crawl_Status_Excel" name="getStatus" time="0.957"/>
</testsuite> <!-- API.Crawl_Status_Excel -->
