<?xml version="1.0" encoding="UTF-8"?>
<!-- Generated by org.testng.reporters.JUnitReportReporter -->
<testsuite hostname="DESKTOP-HKOU7GK" failures="0" tests="3" name="API.DataDrivenTest" time="4.529" errors="0" timestamp="2026-04-09T12:10:09 IST" skipped="0">
  <testcase classname="API.DataDrivenTest" name="getStatus" time="0.870"/>
  <testcase classname="API.DataDrivenTest" name="getStatus" time="0.856"/>
  <testcase classname="API.DataDrivenTest" name="getStatus" time="2.803"/>
</testsuite> <!-- API.DataDrivenTest -->
