<?xml version="1.0" encoding="UTF-8"?>
<!-- Generated by org.testng.reporters.JUnitReportReporter -->
<testsuite hostname="DESKTOP-HKOU7GK" failures="0" tests="20" name="API.Crawl_Status_Excel" time="19.450" errors="0" timestamp="2026-04-30T13:18:11 IST" skipped="0">
  <testcase classname="API.Crawl_Status_Excel" name="getStatus" time="0.939"/>
  <testcase classname="API.Crawl_Status_Excel" name="getStatus" time="1.065"/>
  <testcase classname="API.Crawl_Status_Excel" name="getStatus" time="0.946"/>
  <testcase classname="API.Crawl_Status_Excel" name="getStatus" time="0.958"/>
  <testcase classname="API.Crawl_Status_Excel" name="getStatus" time="0.970"/>
  <testcase classname="API.Crawl_Status_Excel" name="getStatus" time="1.034"/>
  <testcase classname="API.Crawl_Status_Excel" name="getStatus" time="0.973"/>
  <testcase classname="API.Crawl_Status_Excel" name="getStatus" time="0.938"/>
  <testcase classname="API.Crawl_Status_Excel" name="getStatus" time="0.965"/>
  <testcase classname="API.Crawl_Status_Excel" name="getStatus" time="1.017"/>
  <testcase classname="API.Crawl_Status_Excel" name="getStatus" time="0.958"/>
  <testcase classname="API.Crawl_Status_Excel" name="getStatus" time="0.960"/>
  <testcase classname="API.Crawl_Status_Excel" name="getStatus" time="0.988"/>
  <testcase classname="API.Crawl_Status_Excel" name="getStatus" time="0.930"/>
  <testcase classname="API.Crawl_Status_Excel" name="getStatus" time="0.941"/>
  <testcase classname="API.Crawl_Status_Excel" name="getStatus" time="0.936"/>
  <testcase classname="API.Crawl_Status_Excel" name="getStatus" time="0.971"/>
  <testcase classname="API.Crawl_Status_Excel" name="getStatus" time="0.935"/>
  <testcase classname="API.Crawl_Status_Excel" name="getStatus" time="1.010"/>
  <testcase classname="API.Crawl_Status_Excel" name="getStatus" time="1.016"/>
</testsuite> <!-- API.Crawl_Status_Excel -->
